0 info it worked if it ends with ok
1 verbose cli [ 'C:\\Program Files\\nodejs\\node.exe',
1 verbose cli   'C:\\Program Files\\nodejs\\node_modules\\npm\\bin\\npm-cli.js',
1 verbose cli   'start' ]
2 info using npm@4.1.2
3 info using node@v7.7.0
4 verbose run-script [ 'prestart', 'start', 'poststart' ]
5 info lifecycle material-dashboard-angular2@1.2.0~prestart: material-dashboard-angular2@1.2.0
6 silly lifecycle material-dashboard-angular2@1.2.0~prestart: no script for prestart, continuing
7 info lifecycle material-dashboard-angular2@1.2.0~start: material-dashboard-angular2@1.2.0
8 verbose lifecycle material-dashboard-angular2@1.2.0~start: unsafe-perm in lifecycle true
9 verbose lifecycle material-dashboard-angular2@1.2.0~start: PATH: C:\Program Files\nodejs\node_modules\npm\bin\node-gyp-bin;C:\Users\BESEM\angular-projects\TravelingToGetherFront\node_modules\.bin;C:\ProgramData\Oracle\Java\javapath;C:\Windows\system32;C:\Windows;C:\Windows\System32\Wbem;C:\Windows\System32\WindowsPowerShell\v1.0\;C:\Program Files\nodejs\;C:\Program Files (x86)\Skype\Phone\;C:\Program Files\Git\cmd;C:\Program Files\Java\jdk1.8.0_111\bin;C:\Users\BESEM\AppData\Roaming\npm;C:\Program Files (x86)\Microsoft VS Code\bin
10 verbose lifecycle material-dashboard-angular2@1.2.0~start: CWD: C:\Users\BESEM\angular-projects\TravelingToGetherFront
11 silly lifecycle material-dashboard-angular2@1.2.0~start: Args: [ '/d /s /c', 'tsc && concurrently "tsc -w" "lite-server" ' ]
12 silly lifecycle material-dashboard-angular2@1.2.0~start: Returned: code: 3221225786  signal: null
13 info lifecycle material-dashboard-angular2@1.2.0~start: Failed to exec start script
14 verbose stack Error: material-dashboard-angular2@1.2.0 start: `tsc && concurrently "tsc -w" "lite-server" `
14 verbose stack Exit status 3221225786
14 verbose stack     at EventEmitter.<anonymous> (C:\Program Files\nodejs\node_modules\npm\lib\utils\lifecycle.js:279:16)
14 verbose stack     at emitTwo (events.js:106:13)
14 verbose stack     at EventEmitter.emit (events.js:194:7)
14 verbose stack     at ChildProcess.<anonymous> (C:\Program Files\nodejs\node_modules\npm\lib\utils\spawn.js:40:14)
14 verbose stack     at emitTwo (events.js:106:13)
14 verbose stack     at ChildProcess.emit (events.js:194:7)
14 verbose stack     at maybeClose (internal/child_process.js:899:16)
14 verbose stack     at Process.ChildProcess._handle.onexit (internal/child_process.js:226:5)
15 verbose pkgid material-dashboard-angular2@1.2.0
16 verbose cwd C:\Users\BESEM\angular-projects\TravelingToGetherFront
17 error Windows_NT 6.1.7601
18 error argv "C:\\Program Files\\nodejs\\node.exe" "C:\\Program Files\\nodejs\\node_modules\\npm\\bin\\npm-cli.js" "start"
19 error node v7.7.0
20 error npm  v4.1.2
21 error code ELIFECYCLE
22 error material-dashboard-angular2@1.2.0 start: `tsc && concurrently "tsc -w" "lite-server" `
22 error Exit status 3221225786
23 error Failed at the material-dashboard-angular2@1.2.0 start script 'tsc && concurrently "tsc -w" "lite-server" '.
23 error Make sure you have the latest version of node.js and npm installed.
23 error If you do, this is most likely a problem with the material-dashboard-angular2 package,
23 error not with npm itself.
23 error Tell the author that this fails on your system:
23 error     tsc && concurrently "tsc -w" "lite-server"
23 error You can get information on how to open an issue for this project with:
23 error     npm bugs material-dashboard-angular2
23 error Or if that isn't available, you can get their info via:
23 error     npm owner ls material-dashboard-angular2
23 error There is likely additional logging output above.
24 verbose exit [ 1, true ]
